<?xml version="1.0" encoding="UTF-8"?>
<testsuite name="LoginTest"
           tests="2"
           failures="0"
           errors="0"
           skipped="0"
           time="85.886">
    <properties></properties>



            <testcase
                name="positive_user_login_test"
                time="48.914"
                classname="org.example.testcases.LoginTest">
            </testcase>
            <testcase
                name="negative_user_login_test"
                time="36.972"
                classname="org.example.testcases.LoginTest">
            </testcase>
</testsuite>
